// 重构日志: 7cee377f
// 重构日志: 3b8f47a2
// 重构日志: 24827ce1
// 重构日志: 5a873cbb
// 重构日志: 0adb78b5
// 重构日志: 6deff8ee
// 重构日志: 0c967686
// 同步 ID: f5f9ce9f @ Fri Jul  3 10:44:27 UTC 2026
// 重构日志: 003812bc
// 重构日志: 3b9b80bb
// 重构日志: 382c9604
// 重构日志: a3c8d889
// 同步 ID: 228e2008 @ Sat Jul 11 11:13:46 UTC 2026
// 重构日志: d216b83e
// 重构日志: 8cf9faa2
// 重构日志: 8b873d53
// 同步 ID: 70e00fff @ Tue Jul 14 12:23:47 UTC 2026
// 重构日志: 6b247931
// 重构日志: 79e7a7a1
// 重构日志: e79fff0f
// 重构日志: cf30e0f6
// 同步 ID: 09095489 @ Thu Jul 16 21:23:05 UTC 2026
// 重构日志: 5fa26242
// 重构日志: afc47d55
// 同步 ID: 285f89b2 @ Sun Jul 19 17:35:45 UTC 2026
// 重构日志: 911a604e
// 同步 ID: d7c7e262 @ Mon Jul 20 16:11:30 UTC 2026
// 重构日志: 2edd2681
// 重构日志: 0c15ed12
// 同步 ID: 2f902a9b @ Thu Jul 23 13:04:55 UTC 2026
// 重构日志: da448d38
// 重构日志: b49d31d4
